<?xml version="1.0" encoding="UTF-8"?>
<TestRun id="cdbaf61b-cdb2-4701-b43f-458777ccc3b9" name="Administrator@W7 2021-11-04 11:19:03" runUser="W7\Administrator" xmlns="http://microsoft.com/schemas/VisualStudio/TeamTest/2010">
  <TestSettings name="Local" id="6267a7d8-8ce8-416b-b22c-5d151127fd5f">
    <Description>These are default test settings for a local test run.</Description>
    <Deployment enabled="false" runDeploymentRoot="Administrator_W7 2021-11-04 11_19_03">
      <DeploymentItem filename="c:\users\administrator\documents\visual studio 2010\Projects\WpfApplication1\WpfApplication1\bin\Debug\WpfApplication1.exe" />
    </Deployment>
    <Execution>
      <TestTypeSpecific />
      <AgentRule name="Execution Agents">
      </AgentRule>
    </Execution>
  </TestSettings>
  <Times creation="2021-11-04T11:19:03.6284762-07:00" queuing="2021-11-04T11:19:04.8156132-07:00" start="2021-11-04T11:19:04.9727634-07:00" finish="2021-11-04T11:19:05.5112795-07:00" />
  <ResultSummary outcome="Completed">
    <Counters total="1" executed="1" passed="1" error="0" failed="0" timeout="0" aborted="0" inconclusive="0" passedButRunAborted="0" notRunnable="0" notExecuted="0" disconnected="0" warning="0" completed="0" inProgress="0" pending="0" />
  </ResultSummary>
  <TestDefinitions>
    <UnitTest name="TestCheckMoveTo" storage="c:\users\administrator\documents\visual studio 2010\projects\wpfapplication1\testproject1\bin\debug\testproject1.dll" id="42685df2-5dab-5d15-22b3-4cd49b9a0162">
      <Execution id="46cdc99f-6fdc-423d-9b01-c0e3da77db8c" />
      <TestMethod codeBase="c:/users/administrator/documents/visual studio 2010/Projects/WpfApplication1/TestProject1/bin/Debug/TestProject1.DLL" adapterTypeName="Microsoft.VisualStudio.TestTools.TestTypes.Unit.UnitTestAdapter, Microsoft.VisualStudio.QualityTools.Tips.UnitTest.Adapter, Version=10.0.0.0, Culture=neutral, PublicKeyToken=b03f5f7f11d50a3a" className="TestProject1.UnitTest1, TestProject1, Version=1.0.0.0, Culture=neutral, PublicKeyToken=null" name="TestCheckMoveTo" />
    </UnitTest>
  </TestDefinitions>
  <TestLists>
    <TestList name="Results Not in a List" id="8c84fa94-04c1-424b-9868-57a2d4851a1d" />
    <TestList name="All Loaded Results" id="19431567-8539-422a-85d7-44ee4e166bda" />
  </TestLists>
  <TestEntries>
    <TestEntry testId="42685df2-5dab-5d15-22b3-4cd49b9a0162" executionId="46cdc99f-6fdc-423d-9b01-c0e3da77db8c" testListId="8c84fa94-04c1-424b-9868-57a2d4851a1d" />
  </TestEntries>
  <Results>
    <UnitTestResult executionId="46cdc99f-6fdc-423d-9b01-c0e3da77db8c" testId="42685df2-5dab-5d15-22b3-4cd49b9a0162" testName="TestCheckMoveTo" computerName="W7" duration="00:00:00.0317357" startTime="2021-11-04T11:19:04.9967873-07:00" endTime="2021-11-04T11:19:05.3721467-07:00" testType="13cdc9d9-ddb5-4fa4-a97d-d965ccfc6d4b" outcome="Passed" testListId="8c84fa94-04c1-424b-9868-57a2d4851a1d" relativeResultsDirectory="46cdc99f-6fdc-423d-9b01-c0e3da77db8c">
    </UnitTestResult>
  </Results>
</TestRun>